0 info it worked if it ends with ok
1 verbose cli [ 'D:\\Develop\\nodejs\\node.exe',
1 verbose cli   'D:\\Develop\\nodejs\\node_modules\\npm\\bin\\npm-cli.js',
1 verbose cli   'run',
1 verbose cli   'start' ]
2 info using npm@3.3.12
3 info using node@v5.5.0
4 verbose run-script [ 'prestart', 'start', 'poststart' ]
5 info lifecycle angular-boilerplate@1.0.0~prestart: angular-boilerplate@1.0.0
6 verbose lifecycle angular-boilerplate@1.0.0~prestart: unsafe-perm in lifecycle true
7 verbose lifecycle angular-boilerplate@1.0.0~prestart: PATH: D:\Develop\nvm\v5.5.0\node_modules\npm\bin\node-gyp-bin;H:\jscode\movieCat\moviecat\node_modules\.bin;C:\Users\Administrator\bin;C:\Program Files (x86)\Git\mingw32\bin;C:\Program Files (x86)\Git\usr\local\bin;C:\Program Files (x86)\Git\usr\bin;C:\Program Files (x86)\Git\usr\bin;C:\Program Files (x86)\Git\mingw32\bin;C:\Program Files (x86)\Git\usr\bin;C:\Users\Administrator\bin;C:\ProgramData\Oracle\Java\javapath;D:\Java\jdk1.7.0_67\bin;D:\Java\jdk1.7.0_67\jre\bin;D:\tomcat-7.0.53\bin;D:\Program Files (x86)\MySQL\MySQL Server 5.0\bin;D:\Program Files\SlikSvn\bin;C:\Program Files\TortoiseSVN\bin;C:\windows\system32;C:\VMS\VMS\instantclient_12_1;D:\mongodb-win32-x86_64-2.4.3\bin;D:\apache-maven-3.0.5\bin;C:\Windows\System32\WindowsPowerShell\v1.0;D:\Develop\nvm;D:\Develop\nodejs;D:\Develop\nvm\npm\node_modules\gulp;C:\Program Files (x86)\Git\usr\bin;C:\Program Files (x86)\Git\usr\bin\vendor_perl;C:\Program Files (x86)\Git\usr\bin\core_perl
8 verbose lifecycle angular-boilerplate@1.0.0~prestart: CWD: H:\jscode\movieCat\moviecat
9 silly lifecycle angular-boilerplate@1.0.0~prestart: Args: [ '/d /s /c', 'npm install' ]
10 silly lifecycle angular-boilerplate@1.0.0~prestart: Returned: code: 1  signal: null
11 info lifecycle angular-boilerplate@1.0.0~prestart: Failed to exec prestart script
12 verbose stack Error: angular-boilerplate@1.0.0 prestart: `npm install`
12 verbose stack Exit status 1
12 verbose stack     at EventEmitter.<anonymous> (D:\Develop\nvm\v5.5.0\node_modules\npm\lib\utils\lifecycle.js:232:16)
12 verbose stack     at emitTwo (events.js:100:13)
12 verbose stack     at EventEmitter.emit (events.js:185:7)
12 verbose stack     at ChildProcess.<anonymous> (D:\Develop\nvm\v5.5.0\node_modules\npm\lib\utils\spawn.js:24:14)
12 verbose stack     at emitTwo (events.js:100:13)
12 verbose stack     at ChildProcess.emit (events.js:185:7)
12 verbose stack     at maybeClose (internal/child_process.js:821:16)
12 verbose stack     at Process.ChildProcess._handle.onexit (internal/child_process.js:211:5)
13 verbose pkgid angular-boilerplate@1.0.0
14 verbose cwd H:\jscode\movieCat\moviecat
15 error Windows_NT 6.1.7601
16 error argv "D:\\Develop\\nodejs\\node.exe" "D:\\Develop\\nodejs\\node_modules\\npm\\bin\\npm-cli.js" "run" "start"
17 error node v5.5.0
18 error npm  v3.3.12
19 error code ELIFECYCLE
20 error angular-boilerplate@1.0.0 prestart: `npm install`
20 error Exit status 1
21 error Failed at the angular-boilerplate@1.0.0 prestart script 'npm install'.
21 error Make sure you have the latest version of node.js and npm installed.
21 error If you do, this is most likely a problem with the angular-boilerplate package,
21 error not with npm itself.
21 error Tell the author that this fails on your system:
21 error     npm install
21 error You can get their info via:
21 error     npm owner ls angular-boilerplate
21 error There is likely additional logging output above.
22 verbose exit [ 1, true ]
